<?xml version="1.0" encoding="UTF-8"?>
<!-- Generated by org.testng.reporters.JUnitReportReporter -->
<testsuite skipped="0" hostname="DESKTOP-N5CTOJG" name="demo.Demo" tests="1" failures="0" timestamp="08 Dec 2019 04:46:21 GMT" time="21.627" errors="0">
  <testcase name="testA" time="21.627" classname="demo.Demo"/>
</testsuite> <!-- demo.Demo -->
