<?xml version="1.0" encoding="UTF-8"?>
<!-- Generated by org.testng.reporters.JUnitReportReporter -->
<testsuite skipped="0" hostname="DESKTOP-N5CTOJG" name="headlessbrowser.HeadlessHtmlUnit" tests="1" failures="0" timestamp="29 Dec 2019 02:51:26 GMT" time="7.508" errors="0">
  <testcase name="testA" time="7.508" classname="headlessbrowser.HeadlessHtmlUnit"/>
</testsuite> <!-- headlessbrowser.HeadlessHtmlUnit -->
