<?xml version="1.0" encoding="UTF-8"?>
<!-- Generated by org.testng.reporters.JUnitReportReporter -->
<testsuite skipped="0" hostname="DESKTOP-N5CTOJG" name="screenshot.Screenshot" tests="1" failures="0" timestamp="04 Jan 2020 04:06:27 GMT" time="35.831" errors="0">
  <testcase name="testA" time="35.831" classname="screenshot.Screenshot"/>
</testsuite> <!-- screenshot.Screenshot -->
