<?xml version="1.0" encoding="UTF-8"?>
<!-- Generated by org.testng.reporters.JUnitReportReporter -->
<testsuite skipped="0" hostname="DESKTOP-N5CTOJG" name="logFourJDemo.Demo1" tests="1" failures="0" timestamp="18 Jan 2020 02:50:00 GMT" time="0.035" errors="0">
  <testcase name="testB" time="0.035" classname="logFourJDemo.Demo1"/>
</testsuite> <!-- logFourJDemo.Demo1 -->
