<?xml version="1.0" encoding="UTF-8"?>
<!-- Generated by org.testng.reporters.JUnitReportReporter -->
<testsuite skipped="0" hostname="DESKTOP-N5CTOJG" name="demo.Demo1" tests="1" failures="0" timestamp="22 Dec 2019 04:53:25 GMT" time="16.062" errors="0">
  <testcase name="testA" time="16.062" classname="demo.Demo1"/>
</testsuite> <!-- demo.Demo1 -->
