<?xml version="1.0" encoding="UTF-8"?>
<!-- Generated by org.testng.reporters.JUnitReportReporter -->
<testsuite skipped="0" hostname="DESKTOP-N5CTOJG" name="log4jdemo1.Demo1" tests="1" failures="0" timestamp="12 Jan 2020 04:24:43 GMT" time="0.001" errors="0">
  <testcase name="testA" time="0.001" classname="log4jdemo1.Demo1"/>
</testsuite> <!-- log4jdemo1.Demo1 -->
