<?xml version="1.0" encoding="UTF-8"?>
<!-- Generated by org.testng.reporters.JUnitReportReporter -->
<testsuite skipped="0" hostname="DESKTOP-N5CTOJG" name="logFourJDemo.LogDemo" tests="1" failures="0" timestamp="12 Jan 2020 04:54:12 GMT" time="0.003" errors="0">
  <testcase name="testA" time="0.003" classname="logFourJDemo.LogDemo"/>
</testsuite> <!-- logFourJDemo.LogDemo -->
