<?xml version="1.0" encoding="UTF-8"?>
<!-- Generated by org.testng.reporters.JUnitReportReporter -->
<testsuite skipped="0" hostname="DESKTOP-N5CTOJG" name="screenshot.ScreenshotUsingRobotClass" tests="1" failures="0" timestamp="04 Jan 2020 04:14:52 GMT" time="31.686" errors="0">
  <testcase name="testA" time="31.686" classname="screenshot.ScreenshotUsingRobotClass"/>
</testsuite> <!-- screenshot.ScreenshotUsingRobotClass -->
