<?xml version="1.0" encoding="UTF-8"?>
<!-- Generated by org.testng.reporters.JUnitReportReporter -->
<testsuite skipped="0" hostname="DESKTOP-N5CTOJG" name="demolog.RTDemo" tests="2" failures="0" timestamp="18 Jan 2020 04:14:59 GMT" time="69.092" errors="0">
  <testcase name="testA" time="32.656" classname="demolog.RTDemo"/>
  <testcase name="testB" time="36.436" classname="demolog.RTDemo"/>
</testsuite> <!-- demolog.RTDemo -->
