<?xml version="1.0" encoding="UTF-8"?>
<!-- Generated by org.testng.reporters.JUnitReportReporter -->
<testsuite skipped="0" hostname="DESKTOP-N5CTOJG" name="extent.ScreenshotForMultipleTestMethods" tests="2" failures="0" timestamp="19 Jan 2020 03:44:30 GMT" time="14.620" errors="0">
  <testcase name="testB" time="5.411" classname="extent.ScreenshotForMultipleTestMethods"/>
  <testcase name="testA" time="9.209" classname="extent.ScreenshotForMultipleTestMethods"/>
</testsuite> <!-- extent.ScreenshotForMultipleTestMethods -->
