<?xml version="1.0" encoding="UTF-8"?>
<!-- Generated by org.testng.reporters.JUnitReportReporter -->
<testsuite skipped="0" hostname="DESKTOP-N5CTOJG" name="extent.ScreenshotReport" tests="1" failures="0" timestamp="19 Jan 2020 02:45:56 GMT" time="10.450" errors="0">
  <testcase name="testA" time="10.450" classname="extent.ScreenshotReport"/>
</testsuite> <!-- extent.ScreenshotReport -->
