<?xml version="1.0" encoding="UTF-8"?>
<!-- Generated by org.testng.reporters.JUnitReportReporter -->
<testsuite skipped="0" hostname="DESKTOP-N5CTOJG" name="extent.Demo" tests="1" failures="0" timestamp="18 Jan 2020 05:05:28 GMT" time="8.587" errors="0">
  <testcase name="testA" time="8.587" classname="extent.Demo"/>
</testsuite> <!-- extent.Demo -->
