<?xml version="1.0" encoding="UTF-8"?>
<!-- Generated by org.testng.reporters.JUnitReportReporter -->
<testsuite skipped="0" hostname="DESKTOP-N5CTOJG" name="listeners.DemoC" tests="4" failures="0" timestamp="29 Dec 2019 05:40:22 GMT" time="0.006" errors="0">
  <testcase name="testG" time="0.001" classname="listeners.DemoC"/>
  <testcase name="testF" time="0.002" classname="listeners.DemoC"/>
  <testcase name="testF" time="0.001" classname="listeners.DemoC"/>
  <testcase name="testG" time="0.002" classname="listeners.DemoC"/>
</testsuite> <!-- listeners.DemoC -->
