<?xml version="1.0" encoding="UTF-8"?>
<!-- Generated by org.testng.reporters.JUnitReportReporter -->
<testsuite skipped="0" hostname="DESKTOP-N5CTOJG" name="demo.Fwait" tests="1" failures="0" timestamp="22 Dec 2019 04:54:39 GMT" time="21.644" errors="0">
  <testcase name="testA" time="21.644" classname="demo.Fwait"/>
</testsuite> <!-- demo.Fwait -->
