<?xml version="1.0" encoding="UTF-8"?>
<!-- Generated by org.testng.reporters.JUnitReportReporter -->
<testsuite skipped="0" hostname="DESKTOP-N5CTOJG" name="headlessbrowser.HeadlessPhantomBrowser" tests="1" failures="0" timestamp="28 Dec 2019 03:39:44 GMT" time="20.797" errors="0">
  <testcase name="testA" time="20.797" classname="headlessbrowser.HeadlessPhantomBrowser"/>
</testsuite> <!-- headlessbrowser.HeadlessPhantomBrowser -->
