<?xml version="1.0" encoding="UTF-8"?>
<!-- Generated by org.testng.reporters.JUnitReportReporter -->
<testsuite skipped="0" hostname="DESKTOP-N5CTOJG" name="listeners.TestA" tests="3" failures="0" timestamp="29 Dec 2019 05:10:35 GMT" time="0.019" errors="0">
  <testcase name="testC" time="0.002" classname="listeners.TestA"/>
  <testcase name="testA" time="0.015" classname="listeners.TestA"/>
  <testcase name="testB" time="0.002" classname="listeners.TestA"/>
</testsuite> <!-- listeners.TestA -->
