<?xml version="1.0" encoding="UTF-8"?>
<!-- Generated by org.testng.reporters.JUnitReportReporter -->
<testsuite skipped="0" hostname="DESKTOP-N5CTOJG" name="logFourJDemo1.Demo" tests="1" failures="0" timestamp="12 Jan 2020 04:54:12 GMT" time="0.013" errors="0">
  <testcase name="testB" time="0.013" classname="logFourJDemo1.Demo"/>
</testsuite> <!-- logFourJDemo1.Demo -->
