<?xml version="1.0" encoding="UTF-8"?>
<!-- Generated by org.testng.reporters.JUnitReportReporter -->
<testsuite skipped="0" hostname="DESKTOP-N5CTOJG" name="links.Demo5" tests="1" failures="0" timestamp="21 Dec 2019 07:10:07 GMT" time="5.659" errors="0">
  <testcase name="testA" time="5.659" classname="links.Demo5"/>
</testsuite> <!-- links.Demo5 -->
