<?xml version="1.0" encoding="UTF-8"?>
<!-- Generated by org.testng.reporters.JUnitReportReporter -->
<testsuite skipped="0" hostname="DESKTOP-N5CTOJG" name="headlessbrowser.Demo1" tests="1" failures="0" timestamp="28 Dec 2019 03:40:22 GMT" time="16.317" errors="0">
  <testcase name="testA" time="16.317" classname="headlessbrowser.Demo1"/>
</testsuite> <!-- headlessbrowser.Demo1 -->
