<?xml version="1.0" encoding="UTF-8"?>
<!-- Generated by org.testng.reporters.JUnitReportReporter -->
<testsuite skipped="0" hostname="DESKTOP-N5CTOJG" name="headlessbrowser.Demo" tests="1" failures="0" timestamp="22 Dec 2019 05:17:52 GMT" time="23.218" errors="0">
  <testcase name="testA" time="23.218" classname="headlessbrowser.Demo"/>
</testsuite> <!-- headlessbrowser.Demo -->
