<?xml version="1.0" encoding="UTF-8"?>
<!-- Generated by org.testng.reporters.JUnitReportReporter -->
<testsuite skipped="0" hostname="DESKTOP-N5CTOJG" name="links.Demo3" tests="1" failures="0" timestamp="21 Dec 2019 04:13:26 GMT" time="177.313" errors="0">
  <testcase name="testA" time="177.313" classname="links.Demo3"/>
</testsuite> <!-- links.Demo3 -->
