<?xml version="1.0" encoding="UTF-8"?>
<!-- Generated by org.testng.reporters.JUnitReportReporter -->
<testsuite skipped="0" hostname="DESKTOP-N5CTOJG" name="log4jDemo.Demo1" tests="1" failures="0" timestamp="12 Jan 2020 04:24:43 GMT" time="0.036" errors="0">
  <testcase name="testB" time="0.036" classname="log4jDemo.Demo1"/>
</testsuite> <!-- log4jDemo.Demo1 -->
