<?xml version="1.0" encoding="UTF-8"?>
<!-- Generated by org.testng.reporters.JUnitReportReporter -->
<testsuite skipped="0" hostname="DESKTOP-N5CTOJG" name="listeners.DemoB" tests="4" failures="0" timestamp="29 Dec 2019 05:40:22 GMT" time="0.008" errors="0">
  <testcase name="testE" time="0.002" classname="listeners.DemoB"/>
  <testcase name="testE" time="0.002" classname="listeners.DemoB"/>
  <testcase name="testD" time="0.003" classname="listeners.DemoB"/>
  <testcase name="testD" time="0.001" classname="listeners.DemoB"/>
</testsuite> <!-- listeners.DemoB -->
